================================================================================
make_module_opt FIRST RUN COMPARISON
================================================================================

Benchmarking BERT-4L-768H...
  First run: 1.2391s

Benchmarking BERT-12L-1024H...
  First run: 3.8629s

Benchmarking BERT-24L-2048H...
  First run: 10.2752s

Benchmarking BERT-36L-2048H...
  First run: 15.9052s

================================================================================
RESULTS
================================================================================
Model                    Params       Size   Transforms    First Run
--------------------------------------------------------------------------------
BERT-4L-768H               0.1B       0.2GB           24      1.2391s
BERT-12L-1024H             0.2B       0.7GB           72      3.8629s
BERT-24L-2048H             1.3B       4.7GB          144     10.2752s
BERT-36L-2048H             1.9B       7.0GB          216     15.9052s
