* Trackio project initialized: benchmark
* Trackio metrics logged to: /home/carlesoctav/.cache/huggingface/trackio
* View dashboard by running in your terminal:
[1m[38;5;208mtrackio show --project "benchmark"[0m
* or by running in Python: trackio.show(project="benchmark")
* Created new run: calm-river-2
DEBUGPRINT[12]: train_with_flax.py:254: diff_dp=0.06259453762322664
DEBUGPRINT[22]: bert-flax-benchmark.py:231: train_step_times=[44.76382578  0.09895224  0.098818    0.10007472  0.10042612  0.10238358
  0.10125568  0.10102565  0.10212037  0.10226372  0.1027018   0.10173616
  0.10163342  0.10132939  0.10215793  0.10543468  0.10286151  0.10186073
  0.10136263  0.10160877  0.10169997  0.10224073  0.10724867  0.10282676
  0.10279071  0.10220405  0.10210271  0.10237506  0.10280003  0.10276805
  0.10342123  0.10298956  0.10295229  0.10394957  0.10302075  0.10400311
  0.10681201  0.10371347  0.10286459  0.10501869  0.10393599  0.10344209
  0.1032151   0.10477363  0.10504751  0.10370555  0.10409304  0.10262968
  0.10437314  0.10339919  0.1044086   0.10423144  0.10382223  0.10387489
  0.10392113  0.10366624  0.10441051  0.10367769  0.10289056  0.10338027
  0.10420011  0.10277175  0.10330068  0.10395506  0.10527069  0.10541371
  0.10612956  0.10537699  0.10777612  0.10571125  0.10438517  0.10561924
  0.60013549  0.10501775  0.10476569  0.10722804  0.10413857  0.10477936
  0.10377417  0.10357086  0.10532426  0.1054365   0.10632941  0.10350589
  0.10417517  0.10315142  0.10315682  0.10383828  0.10302353  0.10366552
  0.10397323  0.1035115   0.10475868  0.10449523  0.10510463  0.10519398
  0.10457115  0.10378865  0.10381782  0.10341497]
DEBUGPRINT[21]: bert-flax-benchmark.py:232: next_batch_times=[0.0063648  0.00638072 0.00394128 0.00362298 0.00428845 0.00400601
 0.00386771 0.00392321 0.00391856 0.00391086 0.00420785 0.00392807
 0.00386906 0.00391769 0.00383122 0.0038629  0.00399348 0.00459152
 0.00395227 0.00413028 0.00383407 0.00390209 0.00391004 0.0038358
 0.00401302 0.00382112 0.00387949 0.00392499 0.00380553 0.00394319
 0.00401178 0.00420103 0.00414662 0.00377344 0.00362199 0.00422356
 0.00407997 0.00424724 0.00383438 0.00395689 0.00417865 0.00413828
 0.0041039  0.00419352 0.00433956 0.00403316 0.00372812 0.00386483
 0.00385483 0.00393246 0.0037784  0.00392018 0.00404881 0.00396636
 0.00392074 0.00388977 0.00353687 0.00368486 0.00390114 0.00420151
 0.00408802 0.00373214 0.00348854 0.00408107 0.0039877  0.00389323
 0.00395453 0.0039394  0.00404931 0.00419502 0.00426197 0.00411631
 0.00413574 0.0041353  0.00371571 0.00365326 0.00397946 0.00433993
 0.00390826 0.00392798 0.00437643 0.00391447 0.00400187 0.00406143
 0.00380643 0.00397101 0.00405912 0.00391851 0.00396042 0.00405972
 0.00377991 0.00390492 0.00428495 0.0040808  0.00410645 0.0041642
 0.00392429 0.00407984 0.00385983 0.00406737]
DEBUGPRINT[20]: bert-flax-benchmark.py:233: batch_per_sec=[ 0.02233947 10.10588573 10.11961418  9.99253399  9.95756911  9.76719149
  9.87598945  9.89847666  9.79236587  9.77863937  9.736928    9.82934717
  9.83928357  9.86880541  9.78876557  9.48454557  9.72180975  9.81732634
  9.86556923  9.84167048  9.83284489  9.78083809  9.32412532  9.7250952
  9.72850592  9.78434844  9.79405961  9.76800432  9.7276239   9.73065112
  9.66919493  9.70972234  9.71323735  9.62004966  9.70678264  9.61509735
  9.36224343  9.64194941  9.72151862  9.52211499  9.6213066   9.66724503
  9.68850525  9.54438666  9.51950251  9.64268585  9.60679059  9.74377028
  9.58100942  9.67125594  9.57775535  9.59403459  9.63184886  9.62696605
  9.6226824   9.64634227  9.57758026  9.64527693  9.71906496  9.67302589
  9.59691925  9.73030069  9.6804787   9.61954165  9.49932054  9.48643243
  9.42244591  9.48973808  9.27849349  9.45973147  9.57990517  9.46797222
  1.66629039  9.52220019  9.54510992  9.32591912  9.60259035  9.54386467
  9.6363097   9.65522573  9.49448912  9.48438187  9.40473598  9.66128626
  9.59921666  9.69448637  9.69397881  9.6303601   9.70652079  9.64640921
  9.61786069  9.66076271  9.54574877  9.5698151   9.51432899  9.50624779
  9.56286725  9.63496528  9.63225799  9.66978018]
DEBUGPRINT[6]: bert-flax-benchmark.py:410: stats={'train_step_time_mean': 0.5551608993345871, 'train_step_time_median': 0.10369161632843316, 'train_step_time_std': 4.443412921751105, 'next_batch_time_mean': 0.0040265594748780135, 'batches_per_sec': 1.8012795951562774, 'train_step_times': [44.76382577512413, 0.09895223705098033, 0.09881799668073654, 0.10007471591234207, 0.10042611695826054, 0.10238357679918408, 0.10125567717477679, 0.10102564608678222, 0.10212036734446883, 0.10226371604949236, 0.10270179668441415, 0.10173615626990795, 0.10163341602310538, 0.10132938669994473, 0.10215792711824179, 0.1054346770979464, 0.10286150686442852, 0.1018607271835208, 0.10136262560263276, 0.10160876670852304, 0.10169996693730354, 0.10224072728306055, 0.10724866576492786, 0.10282675689086318, 0.10279070679098368, 0.10220404621213675, 0.10210270714014769, 0.1023750570602715, 0.10280002700164914, 0.10276804585009813, 0.10342122660949826, 0.10298955673351884, 0.10295228706672788, 0.10394956730306149, 0.103020747192204, 0.10400310717523098, 0.10681200586259365, 0.10371346678584814, 0.10286458721384406, 0.10501868557184935, 0.10393598722293973, 0.10344208683818579, 0.10321509605273604, 0.10477362619712949, 0.1050475062802434, 0.10370554588735104, 0.10409303614869714, 0.10262967739254236, 0.10437313606962562, 0.10339918686076999, 0.10440859710797668, 0.10423143580555916, 0.10382222710177302, 0.10387488594278693, 0.10392112703993917, 0.10366623662412167, 0.10441050585359335, 0.10367768676951528, 0.10289055621251464, 0.10338026704266667, 0.1042001056484878, 0.10277174692600965, 0.10330067668110132, 0.10395505698397756, 0.10527068702504039, 0.1054137060418725, 0.1061295559629798, 0.10537698632106185, 0.10777611704543233, 0.10571124590933323, 0.1043851668946445, 0.10561923682689667, 0.6001354902982712, 0.10501774586737156, 0.10476568713784218, 0.10722803696990013, 0.10413856711238623, 0.1047793566249311, 0.1037741657346487, 0.10357085661962628, 0.1053242557682097, 0.1054364969022572, 0.10632940707728267, 0.10350588662549853, 0.10417516715824604, 0.10315141640603542, 0.10315681714564562, 0.10383827704936266, 0.10302352625876665, 0.10366551717743278, 0.10397322569042444, 0.10351149598136544, 0.10475867567583919, 0.10449522687122226, 0.10510462708771229, 0.10519397584721446, 0.10457114735618234, 0.10378864593803883, 0.10381781728938222, 0.10341496719047427], 'next_batch_times': [0.006364800035953522, 0.006380720064043999, 0.003941280301660299, 0.003622980322688818, 0.004288450349122286, 0.004006010014563799, 0.0038677090778946877, 0.003923209849745035, 0.00391855975612998, 0.003910859581083059, 0.004207849968224764, 0.003928069956600666, 0.0038690599612891674, 0.003917690832167864, 0.003831219859421253, 0.003862899262458086, 0.003993480000644922, 0.004591519013047218, 0.003952269908040762, 0.004130279645323753, 0.003834070172160864, 0.0039020897820591927, 0.003910040017217398, 0.003835799638181925, 0.00401302007958293, 0.0038211201317608356, 0.0038794889114797115, 0.003924990072846413, 0.0038055297918617725, 0.003943189978599548, 0.004011780023574829, 0.00420102896168828, 0.004146619699895382, 0.0037734401412308216, 0.0036219898611307144, 0.0042235590517520905, 0.0040799700655043125, 0.004247239790856838, 0.003834378905594349, 0.003956889733672142, 0.004178650211542845, 0.0041382797062397, 0.004103899002075195, 0.004193520173430443, 0.004339559935033321, 0.004033159930258989, 0.003728120122104883, 0.003864829894155264, 0.00385482981801033, 0.003932460211217403, 0.0037784003652632236, 0.003920179791748524, 0.004048808943480253, 0.0039663598872721195, 0.003920739982277155, 0.003889768850058317, 0.0035368697717785835, 0.003684859722852707, 0.003901140298694372, 0.004201509989798069, 0.004088019020855427, 0.003732140175998211, 0.0034885387867689133, 0.004081069957464933, 0.003987700212746859, 0.0038932301104068756, 0.003954530227929354, 0.003939399961382151, 0.004049309063702822, 0.004195020068436861, 0.004261969588696957, 0.0041163102723658085, 0.004135739989578724, 0.004135299939662218, 0.0037157111801207066, 0.003653260413557291, 0.0039794594049453735, 0.004339930135756731, 0.00390825979411602, 0.003927979618310928, 0.0043764300644397736, 0.003914469853043556, 0.004001870285719633, 0.004061430227011442, 0.0038064299151301384, 0.003971010912209749, 0.0040591200813651085, 0.003918510861694813, 0.003960419911891222, 0.004059720318764448, 0.0037799100391566753, 0.003904920071363449, 0.004284949973225594, 0.004080800339579582, 0.0041064489632844925, 0.004164200276136398, 0.003924290183931589, 0.004079839680343866, 0.0038598296232521534, 0.004067368805408478], 'compile_time': 44.46364900516346}
