DEBUGPRINT[17]: _training.py:731: train_step_times=[0.16601203 0.166084   0.16755719 0.16674593 0.16594818 0.16712607
 0.16627041 0.16701447 0.16799943 0.16712152 0.1675789  0.1683121
 0.16706711 0.16800347 0.58890461 0.17107244 0.17170767 0.17235511
 0.17185103 0.17288569 0.17246751 0.17293414 0.17249718 0.17225624
 0.17136031 0.17387748 0.17304215 0.17240225 0.17180518 0.17320874
 0.17257873 0.17248445 0.17272288 0.17332479 0.17311721 0.5569447
 0.17276469 0.17206409 0.17473871 0.17490937 0.17501575 0.17464467
 0.17415928 0.17540886 0.17495111 0.17567088 0.17471098 0.17433754
 0.1749973  0.17441319 0.17440748 0.17540456 0.17429281 0.17574255
 0.17603475 0.17596602 0.55979452 0.17486756 0.17406486 0.17598649
 0.18449652 0.17552949 0.17559918 0.17519056 0.17563822 0.1747017
 0.17320909 0.17544225 0.17641292 0.1772338  0.17928562 0.17536025
 0.17502353 0.17665781 0.17472653 0.17480335 0.17603826 0.17590146
 0.55955561 0.176526   0.17468788 0.17351414 0.17384812 0.17502881
 0.17584944 0.17589114 0.17458573 0.17542635 0.17560347 0.17538133
 0.17550587 0.17630294 0.17407074 0.17681513 0.17556235 0.17597689
 0.17463747 0.17494863 0.17523548 0.17532845]
DEBUGPRINT[18]: _training.py:733: next_batch_times=[0.00765964 0.00568854 0.0038282  0.0055695  0.00565475 0.00581106
 0.00551784 0.00559537 0.00558971 0.00562629 0.00551436 0.00560319
 0.00607228 0.00578181 0.00555143 0.00615593 0.00561528 0.00545472
 0.00552707 0.00385376 0.00573416 0.00555861 0.0055167  0.0055915
 0.00553295 0.00550991 0.00561384 0.00547569 0.00560684 0.00546894
 0.00551231 0.00553664 0.00545461 0.0055892  0.00557295 0.00559832
 0.00589748 0.0057063  0.00558092 0.00553971 0.00560456 0.00573766
 0.00554717 0.00582197 0.00549379 0.00549815 0.00560004 0.00547307
 0.00567733 0.00547596 0.00562838 0.00564853 0.00557248 0.00561368
 0.00566351 0.00544612 0.00583409 0.00574734 0.00569923 0.00556084
 0.00547436 0.00575921 0.00553534 0.00595264 0.00565552 0.00577182
 0.00549982 0.00547915 0.00560619 0.00563991 0.00560862 0.00559186
 0.00564135 0.00553632 0.00546703 0.00551633 0.0055051  0.00590391
 0.00576436 0.00584967 0.00558701 0.00558735 0.00555832 0.0056398
 0.00578384 0.00557519 0.00582941 0.00562016 0.00551031 0.00579705
 0.00552434 0.00565618 0.00593464 0.00558171 0.00444292 0.00461771
 0.00354277 0.00315709 0.00319672 0.00329168]
DEBUGPRINT[19]: _training.py:735: batches_per_sec=[6.02365968 6.02104946 5.96811137 5.99714804 6.02597735 5.98350678
 6.01429942 5.98750498 5.952401   5.98366967 5.96733854 5.94134332
 5.98561846 5.95225819 1.69806788 5.84547679 5.82385152 5.80197464
 5.81899322 5.78416858 5.79819339 5.78254806 5.79719609 5.8053048
 5.83565691 5.75117592 5.77893899 5.80038821 5.82054617 5.77338059
 5.7944567  5.79762395 5.78962079 5.7695153  5.77643304 1.79551039
 5.78821967 5.81178776 5.72283026 5.71724646 5.71377134 5.72591209
 5.74187019 5.70096614 5.71588245 5.69246296 5.72373859 5.73599913
 5.71437375 5.73351116 5.73369887 5.70110622 5.73747149 5.6901415
 5.68069643 5.68291524 1.78636975 5.71861342 5.74498481 5.68225423
 5.42015631 5.69704827 5.69478729 5.70806998 5.69352147 5.72404262
 5.77336892 5.69988118 5.66851893 5.6422645  5.57769205 5.70254645
 5.71351736 5.66066101 5.72322919 5.72071402 5.68058318 5.68500102
 1.78713247 5.66488773 5.72449547 5.76321923 5.75214749 5.71334529
 5.68668276 5.68533457 5.72784486 5.70039778 5.69464813 5.70186135
 5.69781498 5.67205502 5.74479074 5.65562445 5.69598194 5.6825645
 5.72614788 5.71596346 5.70660678 5.70358078]
DEBUGPRINT[6]: benchmark.py:168: stats={'train_step_time_mean': 0.18925522107630968, 'train_step_time_median': 0.17469479399733245, 'train_step_time_std': 0.07707235419499597, 'next_batch_time_mean': 0.005498049017041921, 'batches_per_sec': 5.283870079318919, 'train_step_times': [0.16601203475147486, 0.16608400363475084, 0.16755719482898712, 0.16674592532217503, 0.1659481842070818, 0.16712607443332672, 0.1662704050540924, 0.16701447498053312, 0.16799943428486586, 0.16712152492254972, 0.16757889511063695, 0.16831210488453507, 0.16706711379811168, 0.1680034650489688, 0.5889046099036932, 0.171072443947196, 0.171707674395293, 0.1723551140166819, 0.17185103381052613, 0.1728856940753758, 0.1724675139412284, 0.17293414426967502, 0.1724971840158105, 0.17225624388083816, 0.1713603138923645, 0.17387748416513205, 0.1730421450920403, 0.17240225384011865, 0.17180518293753266, 0.17320874379947782, 0.17257873388007283, 0.17248445376753807, 0.17272288398817182, 0.17332478519529104, 0.17311721481382847, 0.556944701820612, 0.17276469385251403, 0.17206409480422735, 0.1747387140057981, 0.17490937421098351, 0.17501575406640768, 0.17464466532692313, 0.1741592837497592, 0.1754088648594916, 0.17495111376047134, 0.17567088408395648, 0.17471098387613893, 0.17433754401281476, 0.17499730410054326, 0.1744131948798895, 0.17440748494118452, 0.17540455516427755, 0.17429280513897538, 0.17574255401268601, 0.17603475414216518, 0.17596602393314242, 0.5597945223562419, 0.1748675643466413, 0.17406486393883824, 0.17598649393767118, 0.1844965242780745, 0.17552949395030737, 0.17559918388724327, 0.17519056424498558, 0.17563822399824858, 0.17470170417800546, 0.17320909397676587, 0.17544225370511413, 0.17641292419284582, 0.17723380401730537, 0.1792856240645051, 0.17536025494337082, 0.17502353386953473, 0.1766578140668571, 0.17472653416916728, 0.17480335431173444, 0.17603826383128762, 0.1759014637209475, 0.5595556111074984, 0.17652600491419435, 0.17468788381665945, 0.17351413518190384, 0.17384811537340283, 0.17502880515530705, 0.17584944376721978, 0.1758911437354982, 0.1745857340283692, 0.1754263541661203, 0.1756034749560058, 0.17538132518529892, 0.17550587421283126, 0.17630294431000948, 0.17407074430957437, 0.1768151349388063, 0.17556235427036881, 0.1759768850170076, 0.17463747365400195, 0.17494863411411643, 0.17523548379540443, 0.175328454002738], 'next_batch_times': [0.00765963876619935, 0.005688540171831846, 0.0038282000459730625, 0.005569499917328358, 0.005654748994857073, 0.0058110603131353855, 0.005517839919775724, 0.005595369264483452, 0.005589710082858801, 0.005626289639621973, 0.005514360032975674, 0.005603189114481211, 0.0060722799971699715, 0.005781808868050575, 0.005551428999751806, 0.006155929993838072, 0.005615280009806156, 0.005454719997942448, 0.005527069326490164, 0.003853759728372097, 0.0057341610081493855, 0.005558609962463379, 0.005516699980944395, 0.005591500084847212, 0.005532950162887573, 0.0055099111050367355, 0.005613840185105801, 0.0054756891913712025, 0.005606839898973703, 0.005468940827995539, 0.005512310191988945, 0.0055366395972669125, 0.005454610101878643, 0.005589200183749199, 0.005572948604822159, 0.005598319694399834, 0.005897480063140392, 0.005706300027668476, 0.005580919794738293, 0.00553971016779542, 0.005604560021311045, 0.005737659987062216, 0.005547169130295515, 0.0058219702914357185, 0.005493788979947567, 0.005498150363564491, 0.0056000398471951485, 0.0054730698466300964, 0.0056773298420012, 0.005475959740579128, 0.0056283799931406975, 0.005648528691381216, 0.005572478752583265, 0.005613679066300392, 0.005663509014993906, 0.005446121096611023, 0.0058340891264379025, 0.005747340153902769, 0.00569923035800457, 0.005560840014368296, 0.005474360194057226, 0.005759208928793669, 0.0055353399366140366, 0.0059526399709284306, 0.0056555201299488544, 0.005771819967776537, 0.0054998197592794895, 0.005479149986058474, 0.005606189835816622, 0.005639909766614437, 0.0056086196564137936, 0.005591860041022301, 0.005641348659992218, 0.005536320153623819, 0.005467030219733715, 0.005516329780220985, 0.005505099892616272, 0.005903909914195538, 0.005764360073953867, 0.005849669687449932, 0.005587008781731129, 0.005587349180132151, 0.005558319855481386, 0.0056397998705506325, 0.005783841013908386, 0.005575189832597971, 0.00582940923050046, 0.005620160140097141, 0.005510309245437384, 0.005797049030661583, 0.005524340085685253, 0.005656180903315544, 0.005934640299528837, 0.005581710021942854, 0.004442919977009296, 0.0046177092008292675, 0.0035427697002887726, 0.0031570903956890106, 0.0031967200338840485, 0.003291680011898279], 'compile_time': 62.92301740217954}
