--- Startup times for process: Primary (or UI client) ---

times in msec
 clock   self+sourced   self:  sourced script
 clock   elapsed:              other lines

000.100  000.100: --- NVIM STARTING ---
020.045  019.945: event init
043.186  023.141: early init
043.964  000.778: locale set
057.754  013.790: init first window
094.095  036.341: inits 1
094.128  000.033: window checked
095.913  001.785: parsing arguments
102.684  000.086  000.086: require('vim.shared')
102.906  000.100  000.100: require('vim.inspect')
103.006  000.082  000.082: require('vim._options')
103.015  000.323  000.141: require('vim._editor')
103.018  000.465  000.056: require('vim._init_packages')
103.023  006.645: init lua interpreter
108.610  005.587: nvim_ui_attach
109.547  000.937: nvim_set_client_info
109.559  000.012: --- NVIM STARTED ---

--- Startup times for process: Embedded ---

times in msec
 clock   self+sourced   self:  sourced script
 clock   elapsed:              other lines

000.008  000.008: --- NVIM STARTING ---
000.813  000.804: event init
001.245  000.433: early init
002.344  001.099: locale set
003.156  000.811: init first window
005.283  002.127: inits 1
005.323  000.040: window checked
005.776  000.454: parsing arguments
009.445  000.507  000.507: require('vim.shared')
010.541  000.378  000.378: require('vim.inspect')
010.960  000.348  000.348: require('vim._options')
011.015  001.556  000.830: require('vim._editor')
011.020  002.186  000.123: require('vim._init_packages')
011.026  003.064: init lua interpreter
011.185  000.158: expanding arguments
012.472  001.287: inits 2
015.545  003.073: init highlight
015.556  000.010: waiting for UI
018.855  003.299: done waiting for UI
018.875  000.020: clear screen
020.134  000.098  000.098: require('vim.keymap')
029.958  002.160  002.160: sourcing nvim_exec2()
038.371  007.414  007.414: require('vim.termcap')
038.484  000.056  000.056: require('vim.text')
038.870  019.983  010.255: require('vim._defaults')
038.878  000.019: init default mappings & autocommands
042.074  002.060  002.060: sourcing /tmp/.mount_nvimIGDNoo/usr/share/nvim/runtime/ftplugin.vim
043.692  000.941  000.941: sourcing /tmp/.mount_nvimIGDNoo/usr/share/nvim/runtime/indent.vim
046.257  001.722  001.722: require('options')
053.283  000.016  000.016: require('vim.F')
053.357  006.314  006.298: require('vim.diagnostic')
053.385  007.116  000.802: require('remap')
061.664  008.266  008.266: require('vim.filetype')
064.708  002.668  002.668: require('lazy')
064.963  000.210  000.210: require('ffi')
065.386  000.207  000.207: require('vim.fs')
067.440  002.041  002.041: require('vim.uri')
067.537  002.564  000.317: require('vim.loader')
068.533  000.947  000.947: require('lazy.stats')
069.643  001.023  001.023: require('lazy.core.util')
070.720  001.067  001.067: require('lazy.core.config')
072.071  000.442  000.442: require('lazy.core.handler')
074.034  000.382  000.382: require('lazy.pkg')
074.095  001.055  000.672: require('lazy.core.meta')
074.107  002.027  000.972: require('lazy.core.plugin')
074.164  003.434  000.965: require('lazy.core.loader')
075.311  000.397  000.397: require('lazy.core.fragments')
082.100  000.568  000.568: require('lazy.core.handler.cmd')
083.151  000.746  000.746: require('lazy.core.handler.event')
083.164  001.046  000.300: require('lazy.core.handler.ft')
083.552  000.379  000.379: require('lazy.core.handler.keys')
088.188  001.602  001.602: sourcing nvim_exec2() called at /tmp/.mount_nvimIGDNoo/usr/share/nvim/runtime/filetype.lua:0
088.206  003.609  002.007: sourcing /tmp/.mount_nvimIGDNoo/usr/share/nvim/runtime/filetype.lua
088.263  004.216  000.607: sourcing nvim_exec2() called at /home/carlesoctav/dotfiles/.config/nvim/init.lua:0
096.348  000.788  000.788: require('nvim-treesitter.utils')
108.930  000.965  000.965: require('vim.treesitter.language')
110.279  001.334  001.334: require('vim.func')
112.308  002.011  002.011: require('vim.func._memoize')
112.394  006.565  002.255: require('vim.treesitter.query')
114.224  001.825  001.825: require('vim.treesitter._range')
114.314  011.622  003.231: require('vim.treesitter.languagetree')
114.326  015.981  004.359: require('vim.treesitter')
115.401  018.979  002.998: require('nvim-treesitter.parsers')
116.107  000.080  000.080: require('nvim-treesitter.compat')
116.394  000.179  000.179: require('nvim-treesitter.ts_utils')
116.407  000.291  000.112: require('nvim-treesitter.tsrange')
116.483  000.074  000.074: require('nvim-treesitter.caching')
116.500  000.702  000.258: require('nvim-treesitter.query')
116.522  000.940  000.238: require('nvim-treesitter.configs')
116.538  001.127  000.188: require('nvim-treesitter.info')
116.676  000.136  000.136: require('nvim-treesitter.shell_command_selectors')
116.723  021.739  000.709: require('nvim-treesitter.install')
116.831  000.104  000.104: require('nvim-treesitter.statusline')
116.945  000.110  000.110: require('nvim-treesitter.query_predicates')
116.950  024.078  002.125: require('nvim-treesitter')
120.196  003.190  003.190: require('vim.iter')
122.058  029.507  002.239: sourcing /home/carlesoctav/.local/share/nvim/lazy/nvim-treesitter/plugin/nvim-treesitter.lua
122.081  029.610  000.102: sourcing nvim_exec2() called at /home/carlesoctav/.local/share/nvim/lazy/nvim-treesitter-textobjects/plugin/nvim-treesitter-textobjects.vim:3
122.104  000.006  000.006: sourcing nvim_exec2() called at /home/carlesoctav/.local/share/nvim/lazy/nvim-treesitter-textobjects/plugin/nvim-treesitter-textobjects.vim:3
122.160  000.003  000.003: sourcing nvim_exec2() called at /home/carlesoctav/.local/share/nvim/lazy/nvim-treesitter-textobjects/plugin/nvim-treesitter-textobjects.vim:3
128.004  000.197  000.197: require('nvim-treesitter.highlight')
128.033  005.845  005.649: require('plugins_conf.treesitter')
128.048  036.088  000.624: require('nvim-treesitter.configs')
128.055  039.185  003.097: require('nvim-treesitter-textobjects')
128.842  000.289  000.289: require('nvim-treesitter.textobjects.shared')
128.861  000.565  000.276: require('nvim-treesitter.textobjects.select')
129.760  000.305  000.305: require('nvim-treesitter.textobjects.attach')
130.213  000.441  000.441: require('nvim-treesitter.textobjects.repeatable_move')
130.244  001.076  000.330: require('nvim-treesitter.textobjects.move')
131.097  000.291  000.291: require('nvim-treesitter.textobjects.swap')
131.400  000.237  000.237: require('nvim-treesitter.textobjects.lsp_interop')
131.496  042.662  001.308: sourcing /home/carlesoctav/.local/share/nvim/lazy/nvim-treesitter-textobjects/plugin/nvim-treesitter-textobjects.vim
131.509  042.752  000.090: sourcing nvim_exec2() called at /home/carlesoctav/dotfiles/.config/nvim/init.lua:0
131.533  000.007  000.007: sourcing nvim_exec2() called at /home/carlesoctav/dotfiles/.config/nvim/init.lua:0
131.568  000.002  000.002: sourcing nvim_exec2() called at /home/carlesoctav/dotfiles/.config/nvim/init.lua:0
133.148  000.015  000.015: sourcing nvim_exec2() called at /home/carlesoctav/dotfiles/.config/nvim/init.lua:0
133.186  000.004  000.004: sourcing nvim_exec2() called at /home/carlesoctav/dotfiles/.config/nvim/init.lua:0
135.882  002.684  002.684: require('mini.ai')
139.172  002.407  002.407: require('mini.surround')
140.487  000.302  000.302: require('mini.statusline')
140.860  000.249  000.249: require('mini.jump')
141.451  000.151  000.151: require('mini.bufremove')
141.752  000.286  000.286: require('mini.splitjoin')
143.910  000.055  000.055: sourcing /home/carlesoctav/.local/share/nvim/lazy/plenary.nvim/plugin/plenary.vim
143.924  000.153  000.098: sourcing nvim_exec2() called at /home/carlesoctav/dotfiles/.config/nvim/init.lua:0
143.938  000.004  000.004: sourcing nvim_exec2() called at /home/carlesoctav/dotfiles/.config/nvim/init.lua:0
143.972  000.004  000.004: sourcing nvim_exec2() called at /home/carlesoctav/dotfiles/.config/nvim/init.lua:0
145.689  000.014  000.014: sourcing nvim_exec2() called at /home/carlesoctav/dotfiles/.config/nvim/init.lua:0
145.719  000.002  000.002: sourcing nvim_exec2() called at /home/carlesoctav/dotfiles/.config/nvim/init.lua:0
147.878  000.076  000.076: sourcing /home/carlesoctav/.local/share/nvim/lazy/nvim-web-devicons/plugin/nvim-web-devicons.vim
147.892  000.167  000.092: sourcing nvim_exec2() called at /home/carlesoctav/dotfiles/.config/nvim/init.lua:0
147.908  000.005  000.005: sourcing nvim_exec2() called at /home/carlesoctav/dotfiles/.config/nvim/init.lua:0
147.935  000.003  000.003: sourcing nvim_exec2() called at /home/carlesoctav/dotfiles/.config/nvim/init.lua:0
148.587  000.512  000.512: sourcing /home/carlesoctav/.local/share/nvim/lazy/telescope.nvim/plugin/telescope.lua
148.610  000.602  000.089: sourcing nvim_exec2() called at /home/carlesoctav/dotfiles/.config/nvim/init.lua:0
148.636  000.010  000.010: sourcing nvim_exec2() called at /home/carlesoctav/dotfiles/.config/nvim/init.lua:0
148.678  000.002  000.002: sourcing nvim_exec2() called at /home/carlesoctav/dotfiles/.config/nvim/init.lua:0
153.026  000.140  000.140: require('telescope.state')
155.001  000.142  000.142: require('plenary.bit')
155.107  000.093  000.093: require('plenary.functional')
155.194  000.561  000.326: require('plenary.path')
156.083  001.972  001.411: require('plenary.strings')
156.321  000.223  000.223: require('telescope.deprecated')
157.085  000.362  000.362: require('plenary.log')
157.123  000.526  000.164: require('telescope.log')
157.548  000.090  000.090: require('plenary.compat')
157.643  000.298  000.208: require('plenary.job')
157.682  000.555  000.257: require('telescope.utils')
157.694  001.368  000.286: require('telescope.sorters')
161.094  007.979  004.416: require('telescope.config')
161.115  012.172  004.053: require('telescope.actions.state')
162.465  000.210  000.210: require('plenary.window.border')
162.622  000.146  000.146: require('plenary.window')
162.706  000.079  000.079: require('plenary.popup.utils')
162.722  000.765  000.331: require('plenary.popup')
162.899  000.174  000.174: require('telescope.pickers.scroller')
163.132  000.226  000.226: require('telescope.actions.utils')
164.392  000.607  000.607: require('telescope.actions.mt')
164.622  001.484  000.878: require('telescope.actions.set')
165.642  000.607  000.607: require('telescope.config.resolve')
165.656  001.025  000.418: require('telescope.pickers.entry_display')
166.017  000.358  000.358: require('telescope.from_entry')
168.530  007.410  003.377: require('telescope.actions')
169.386  000.401  000.401: require('telescope._extensions')
169.399  000.857  000.456: require('telescope')
169.890  000.423  000.423: require('telescope.themes')
174.074  000.587  000.587: require('telescope._extensions.ui-select')
178.001  000.287  000.287: require('plenary.tbl')
178.019  000.737  000.450: require('plenary.vararg.rotate')
178.022  001.051  000.314: require('plenary.vararg')
178.140  000.116  000.116: require('plenary.errors')
178.150  001.501  000.335: require('plenary.async.async')
178.601  000.107  000.107: require('plenary.async.structs')
178.614  000.241  000.134: require('plenary.async.control')
178.627  000.375  000.135: require('plenary.async.util')
178.632  000.478  000.103: require('plenary.async.tests')
178.635  002.545  000.566: require('plenary.async')
178.810  000.171  000.171: require('telescope.debounce')
179.373  000.557  000.557: require('telescope.mappings')
179.577  000.194  000.194: require('telescope.pickers.highlights')
179.875  000.293  000.293: require('telescope.pickers.window')
180.195  000.315  000.315: require('telescope.pickers.layout')
181.111  000.484  000.484: require('telescope.algos.linked_list')
181.168  000.968  000.484: require('telescope.entry_manager')
181.460  000.287  000.287: require('telescope.pickers.multi')
181.627  007.538  002.208: require('telescope.pickers')
184.135  002.053  002.053: require('telescope.make_entry')
184.452  000.305  000.305: require('telescope.finders.async_static_finder')
185.821  000.472  000.472: require('plenary.class')
185.989  001.174  000.702: require('telescope._')
185.997  001.539  000.365: require('telescope.finders.async_oneshot_finder')
186.356  000.357  000.357: require('telescope.finders.async_job_finder')
186.430  004.798  000.544: require('telescope.finders')
189.062  002.613  002.613: require('vim.ui')
190.261  001.119  001.119: require('telescope.builtin')
190.520  041.831  004.314: require('plugins_conf.telescope')
190.656  000.016  000.016: sourcing nvim_exec2() called at /home/carlesoctav/dotfiles/.config/nvim/init.lua:0
190.698  000.002  000.002: sourcing nvim_exec2() called at /home/carlesoctav/dotfiles/.config/nvim/init.lua:0
192.133  000.394  000.394: require('debugprint.utils.buffer')
192.145  000.848  000.453: require('debugprint.utils')
192.403  000.255  000.255: require('debugprint.utils.errors')
192.633  000.224  000.224: require('debugprint.utils.operator')
192.880  000.243  000.243: require('debugprint.utils.register')
192.924  002.186  000.616: require('debugprint')
194.236  000.925  000.925: require('debugprint.filetypes')
194.271  001.345  000.420: require('debugprint.options')
199.467  002.405  002.405: require('vim.health')
199.480  004.674  002.268: require('vim.deprecated.health')
200.257  000.152  000.152: require('debugprint.health')
200.419  000.152  000.152: require('debugprint.printtag_operations')
200.550  000.125  000.125: require('debugprint.setup')
200.739  000.105  000.105: require('debugprint.counter')
200.846  000.086  000.086: require('debugprint.highlight')
201.711  000.551  000.551: sourcing /home/carlesoctav/.local/share/nvim/lazy/vim-sleuth/plugin/sleuth.vim
201.723  000.630  000.079: sourcing nvim_exec2() called at /home/carlesoctav/dotfiles/.config/nvim/init.lua:0
201.829  000.005  000.005: sourcing nvim_exec2() called at /home/carlesoctav/dotfiles/.config/nvim/init.lua:0
201.866  000.002  000.002: sourcing nvim_exec2() called at /home/carlesoctav/dotfiles/.config/nvim/init.lua:0
203.392  000.015  000.015: sourcing nvim_exec2() called at /home/carlesoctav/dotfiles/.config/nvim/init.lua:0
203.416  000.002  000.002: sourcing nvim_exec2() called at /home/carlesoctav/dotfiles/.config/nvim/init.lua:0
205.882  000.111  000.111: require('git-conflict.colors')
205.973  000.079  000.079: require('git-conflict.utils')
207.886  001.866  001.866: require('vim.hl')
207.934  004.392  002.335: require('git-conflict')
210.749  000.016  000.016: sourcing nvim_exec2() called at /home/carlesoctav/dotfiles/.config/nvim/init.lua:0
210.860  000.006  000.006: sourcing nvim_exec2() called at /home/carlesoctav/dotfiles/.config/nvim/init.lua:0
212.522  000.015  000.015: sourcing nvim_exec2() called at /home/carlesoctav/dotfiles/.config/nvim/init.lua:0
212.551  000.002  000.002: sourcing nvim_exec2() called at /home/carlesoctav/dotfiles/.config/nvim/init.lua:0
215.021  000.230  000.230: sourcing /home/carlesoctav/.local/share/nvim/lazy/mason-tool-installer.nvim/plugin/mason-tool-installer.lua
215.037  000.349  000.119: sourcing nvim_exec2() called at /home/carlesoctav/dotfiles/.config/nvim/init.lua:0
215.075  000.007  000.007: sourcing nvim_exec2() called at /home/carlesoctav/dotfiles/.config/nvim/init.lua:0
215.101  000.002  000.002: sourcing nvim_exec2() called at /home/carlesoctav/dotfiles/.config/nvim/init.lua:0
217.275  000.114  000.114: sourcing /home/carlesoctav/.local/share/nvim/lazy/conform.nvim/plugin/conform.lua
217.289  000.248  000.134: sourcing nvim_exec2() called at /home/carlesoctav/dotfiles/.config/nvim/init.lua:0
217.304  000.005  000.005: sourcing nvim_exec2() called at /home/carlesoctav/dotfiles/.config/nvim/init.lua:0
217.328  000.002  000.002: sourcing nvim_exec2() called at /home/carlesoctav/dotfiles/.config/nvim/init.lua:0
224.385  003.576  003.576: require('vim.lsp.log')
226.877  002.477  002.477: require('vim.lsp.protocol')
230.797  003.903  003.903: require('vim.lsp.util')
234.634  002.114  002.114: require('vim.lsp.sync')
234.655  003.843  001.729: require('vim.lsp._changetracking')
237.631  001.491  001.491: require('vim.lsp._transport')
237.673  003.011  001.520: require('vim.lsp.rpc')
237.975  020.261  003.452: require('vim.lsp')
241.021  003.038  003.038: require('lspconfig.util')
242.437  001.383  001.383: require('vim.version')
246.124  028.623  003.941: sourcing /home/carlesoctav/.local/share/nvim/lazy/nvim-lspconfig/plugin/lspconfig.lua
246.151  028.718  000.095: sourcing nvim_exec2() called at /home/carlesoctav/dotfiles/.config/nvim/init.lua:0
246.212  000.012  000.012: sourcing nvim_exec2() called at /home/carlesoctav/dotfiles/.config/nvim/init.lua:0
246.256  000.002  000.002: sourcing nvim_exec2() called at /home/carlesoctav/dotfiles/.config/nvim/init.lua:0
246.701  000.056  000.056: require('mason-core.path')
247.005  000.059  000.059: require('mason-core.functional.data')
247.075  000.063  000.063: require('mason-core.functional.function')
247.186  000.103  000.103: require('mason-core.functional.list')
247.270  000.071  000.071: require('mason-core.functional.relation')
247.330  000.055  000.055: require('mason-core.functional.logic')
247.387  000.053  000.053: require('mason-core.functional.number')
247.450  000.056  000.056: require('mason-core.functional.string')
247.763  000.106  000.106: require('mason-core.functional.table')
247.877  000.105  000.105: require('mason-core.functional.type')
247.884  001.090  000.419: require('mason-core.functional')
247.948  001.242  000.152: require('mason-core.platform')
248.345  000.393  000.393: require('mason.settings')
248.359  001.793  000.102: require('mason-core.installer.InstallLocation')
248.736  000.227  000.227: require('mason-core.log')
248.743  000.292  000.065: require('mason-core.EventEmitter')
248.889  000.143  000.143: require('mason-registry.sources')
248.897  000.536  000.101: require('mason-registry')
248.901  002.440  000.111: require('mason')
249.186  000.204  000.204: require('mason.api.command')
249.418  000.073  000.073: require('mason.version')
249.438  000.229  000.156: require('mason-tool-installer')
249.913  000.066  000.066: require('mason-lspconfig.settings')
250.080  000.382  000.317: require('mason-lspconfig')
253.308  000.541  000.541: require('mason-core.async')
253.766  000.242  000.242: require('mason-core.async.control')
253.872  000.096  000.096: require('mason-core.result')
254.096  000.069  000.069: require('mason-core.async.uv')
254.109  000.234  000.165: require('mason-core.fs')
254.150  000.831  000.259: require('mason-registry.installer')
254.733  000.093  000.093: require('mason-core.optional')
255.165  000.188  000.188: require('mason-core.process')
255.288  000.117  000.117: require('mason-core.spawn')
255.295  000.403  000.099: require('mason-core.installer.managers.powershell')
255.300  000.558  000.155: require('mason-core.fetch')
255.383  000.081  000.081: require('mason-core.providers')
255.897  000.200  000.200: require('mason-core.purl')
255.915  000.316  000.116: require('mason-core.package.AbstractPackage')
256.425  000.115  000.115: require('mason-core.installer.compiler.expr')
256.443  000.269  000.154: require('mason-core.installer.compiler.link')
256.990  000.077  000.077: require('mason-core.installer.context.InstallContextCwd')
257.106  000.110  000.110: require('mason-core.installer.context.InstallContextFs')
257.179  000.069  000.069: require('mason-core.installer.context.InstallContextSpawn')
257.285  000.102  000.102: require('mason-core.receipt')
257.324  000.532  000.174: require('mason-core.installer.context')
257.327  000.613  000.081: require('mason-core.installer')
257.356  000.774  000.161: require('mason-core.installer.managers.std')
257.359  000.913  000.139: require('mason-core.installer.compiler.schemas')
257.453  000.092  000.092: require('mason-core.installer.compiler.util')
257.538  001.490  000.216: require('mason-core.installer.compiler')
257.797  000.254  000.254: require('mason-core.installer.linker')
257.806  001.890  000.145: require('mason-core.installer.InstallRunner')
257.967  000.158  000.158: require('mason-core.installer.UninstallRunner')
257.991  002.521  000.158: require('mason-core.package')
257.995  002.609  000.088: require('mason-registry.sources.util')
258.015  003.537  000.195: require('mason-registry.sources.github')
263.569  000.121  000.121: require('mason-lspconfig.mappings')
263.580  000.336  000.215: require('mason-lspconfig.features.automatic_enable')
285.427  000.062  000.062: require('mason-lspconfig.notify')
285.476  000.267  000.206: require('mason-lspconfig.api.command')
285.753  000.244  000.244: require('conform')
285.850  039.585  030.573: require('plugins_conf.lsp')
288.091  000.089  000.089: require('bufstash.utils')
288.182  000.081  000.081: require('bufstash.data')
288.192  000.341  000.171: require('bufstash.core')
288.326  000.132  000.132: require('bufstash.ui')
288.334  002.070  001.597: require('bufstash')
288.411  002.239  000.169: sourcing /home/carlesoctav/.local/share/nvim/lazy/tasker.nvim/plugin/bufstash.lua
288.424  002.325  000.086: sourcing nvim_exec2() called at /home/carlesoctav/dotfiles/.config/nvim/init.lua:0
288.447  000.009  000.009: sourcing nvim_exec2() called at /home/carlesoctav/dotfiles/.config/nvim/init.lua:0
288.471  000.002  000.002: sourcing nvim_exec2() called at /home/carlesoctav/dotfiles/.config/nvim/init.lua:0
290.222  001.450  001.450: sourcing /home/carlesoctav/.local/share/nvim/lazy/vim-fugitive/plugin/fugitive.vim
290.235  001.519  000.070: sourcing nvim_exec2() called at /home/carlesoctav/dotfiles/.config/nvim/init.lua:0
290.260  000.003  000.003: sourcing nvim_exec2() called at /home/carlesoctav/dotfiles/.config/nvim/init.lua:0
290.433  000.052  000.052: sourcing /home/carlesoctav/.local/share/nvim/lazy/vim-fugitive/ftdetect/fugitive.vim
290.442  000.116  000.064: sourcing nvim_exec2() called at /home/carlesoctav/dotfiles/.config/nvim/init.lua:0
290.452  000.002  000.002: sourcing nvim_exec2() called at /home/carlesoctav/dotfiles/.config/nvim/init.lua:0
292.206  000.015  000.015: sourcing nvim_exec2() called at /home/carlesoctav/dotfiles/.config/nvim/init.lua:0
292.231  000.002  000.002: sourcing nvim_exec2() called at /home/carlesoctav/dotfiles/.config/nvim/init.lua:0
294.899  002.618  002.618: require('kanagawa')
306.703  000.164  000.164: require('kanagawa.utils')
306.880  000.144  000.144: require('kanagawa.colors')
307.339  000.103  000.103: require('kanagawa.lib.hsluv')
307.350  000.190  000.088: require('kanagawa.lib.color')
307.353  000.333  000.143: require('kanagawa.themes')
307.457  000.085  000.085: require('kanagawa.highlights')
307.591  000.130  000.130: require('kanagawa.highlights.editor')
307.800  000.103  000.103: require('kanagawa.highlights.syntax')
308.017  000.156  000.156: require('kanagawa.highlights.treesitter')
308.150  000.104  000.104: require('kanagawa.highlights.lsp')
308.453  000.292  000.292: require('kanagawa.highlights.plugins')
309.816  003.326  001.815: sourcing /home/carlesoctav/.local/share/nvim/lazy/kanagawa.nvim/colors/kanagawa-wave.vim
310.689  015.654  012.328: sourcing nvim_exec2() called at /home/carlesoctav/dotfiles/.config/nvim/init.lua:0
313.189  001.982  001.982: require('gitsigns')
313.889  000.557  000.557: require('gitsigns.highlight')
314.061  000.144  000.144: require('gitsigns.debug.log')
314.356  000.291  000.291: require('gitsigns.config')
315.322  000.128  000.128: require('gitsigns.debounce')
315.348  004.228  001.126: sourcing /home/carlesoctav/.local/share/nvim/lazy/gitsigns.nvim/plugin/gitsigns.lua
315.361  004.314  000.086: sourcing nvim_exec2() called at /home/carlesoctav/dotfiles/.config/nvim/init.lua:0
315.388  000.010  000.010: sourcing nvim_exec2() called at /home/carlesoctav/dotfiles/.config/nvim/init.lua:0
315.416  000.002  000.002: sourcing nvim_exec2() called at /home/carlesoctav/dotfiles/.config/nvim/init.lua:0
315.657  000.005  000.005: sourcing nvim_exec2() called at /home/carlesoctav/dotfiles/.config/nvim/init.lua:0
315.678  000.002  000.002: sourcing nvim_exec2() called at /home/carlesoctav/dotfiles/.config/nvim/init.lua:0
318.220  000.767  000.767: require('bigfile.features')
318.233  002.524  001.757: require('bigfile')
321.809  002.057  002.057: sourcing /tmp/.mount_nvimIGDNoo/usr/share/nvim/runtime/plugin/editorconfig.lua
321.874  002.507  000.450: sourcing nvim_exec2() called at /home/carlesoctav/dotfiles/.config/nvim/init.lua:0
323.648  001.346  001.346: sourcing /tmp/.mount_nvimIGDNoo/usr/share/nvim/runtime/plugin/gzip.vim
323.711  001.810  000.464: sourcing nvim_exec2() called at /home/carlesoctav/dotfiles/.config/nvim/init.lua:0
324.969  000.833  000.833: sourcing /tmp/.mount_nvimIGDNoo/usr/share/nvim/runtime/plugin/man.lua
325.032  001.282  000.449: sourcing nvim_exec2() called at /home/carlesoctav/dotfiles/.config/nvim/init.lua:0
331.365  002.391  002.391: sourcing /tmp/.mount_nvimIGDNoo/usr/share/nvim/runtime/pack/dist/opt/matchit/plugin/matchit.vim
331.699  006.248  003.857: sourcing /tmp/.mount_nvimIGDNoo/usr/share/nvim/runtime/plugin/matchit.vim
331.750  006.694  000.445: sourcing nvim_exec2() called at /home/carlesoctav/dotfiles/.config/nvim/init.lua:0
332.618  000.449  000.449: sourcing /tmp/.mount_nvimIGDNoo/usr/share/nvim/runtime/plugin/matchparen.vim
332.677  000.886  000.437: sourcing nvim_exec2() called at /home/carlesoctav/dotfiles/.config/nvim/init.lua:0
337.388  000.606  000.606: sourcing /tmp/.mount_nvimIGDNoo/usr/share/nvim/runtime/pack/dist/opt/netrw/plugin/netrwPlugin.vim
337.734  004.666  004.060: sourcing /tmp/.mount_nvimIGDNoo/usr/share/nvim/runtime/plugin/netrwPlugin.vim
337.782  005.070  000.404: sourcing nvim_exec2() called at /home/carlesoctav/dotfiles/.config/nvim/init.lua:0
338.989  000.792  000.792: sourcing /tmp/.mount_nvimIGDNoo/usr/share/nvim/runtime/plugin/osc52.lua
339.043  001.223  000.431: sourcing nvim_exec2() called at /home/carlesoctav/dotfiles/.config/nvim/init.lua:0
339.933  000.489  000.489: sourcing /tmp/.mount_nvimIGDNoo/usr/share/nvim/runtime/plugin/rplugin.vim
339.985  000.919  000.429: sourcing nvim_exec2() called at /home/carlesoctav/dotfiles/.config/nvim/init.lua:0
340.631  000.249  000.249: sourcing /tmp/.mount_nvimIGDNoo/usr/share/nvim/runtime/plugin/shada.vim
340.682  000.670  000.421: sourcing nvim_exec2() called at /home/carlesoctav/dotfiles/.config/nvim/init.lua:0
341.269  000.191  000.191: sourcing /tmp/.mount_nvimIGDNoo/usr/share/nvim/runtime/plugin/spellfile.vim
341.322  000.615  000.423: sourcing nvim_exec2() called at /home/carlesoctav/dotfiles/.config/nvim/init.lua:0
342.147  000.324  000.324: sourcing /tmp/.mount_nvimIGDNoo/usr/share/nvim/runtime/plugin/tarPlugin.vim
342.198  000.825  000.501: sourcing nvim_exec2() called at /home/carlesoctav/dotfiles/.config/nvim/init.lua:0
344.128  001.370  001.370: sourcing /tmp/.mount_nvimIGDNoo/usr/share/nvim/runtime/plugin/tohtml.lua
344.194  001.949  000.579: sourcing nvim_exec2() called at /home/carlesoctav/dotfiles/.config/nvim/init.lua:0
344.847  000.205  000.205: sourcing /tmp/.mount_nvimIGDNoo/usr/share/nvim/runtime/plugin/tutor.vim
344.906  000.659  000.455: sourcing nvim_exec2() called at /home/carlesoctav/dotfiles/.config/nvim/init.lua:0
345.948  000.581  000.581: sourcing /tmp/.mount_nvimIGDNoo/usr/share/nvim/runtime/plugin/zipPlugin.vim
346.001  001.049  000.468: sourcing nvim_exec2() called at /home/carlesoctav/dotfiles/.config/nvim/init.lua:0
346.723  000.088  000.088: sourcing /home/carlesoctav/.local/share/nvim/lazy/bigfile.nvim/after/plugin/bigfile.lua
346.734  000.194  000.106: sourcing nvim_exec2() called at /home/carlesoctav/dotfiles/.config/nvim/init.lua:0
346.831  302.577  036.961: sourcing /home/carlesoctav/.config/nvim/init.lua
346.849  002.393: sourcing vimrc file(s)
348.969  000.150  000.150: sourcing /tmp/.mount_nvimIGDNoo/usr/share/nvim/runtime/filetype.lua
353.025  000.318  000.318: sourcing /tmp/.mount_nvimIGDNoo/usr/share/nvim/runtime/syntax/synload.vim
353.228  002.342  002.024: sourcing /tmp/.mount_nvimIGDNoo/usr/share/nvim/runtime/syntax/syntax.vim
353.292  003.951: inits 3
359.660  006.369: reading ShaDa
363.924  000.214  000.214: sourcing /home/carlesoctav/.config/nvim/ftplugin/python.lua
368.224  001.257  001.257: sourcing /tmp/.mount_nvimIGDNoo/usr/share/nvim/runtime/ftplugin/python.vim
373.274  000.578  000.578: sourcing /tmp/.mount_nvimIGDNoo/usr/share/nvim/runtime/indent/python.vim
395.246  002.304  002.304: require('vim.treesitter.highlighter')
464.941  003.685  003.685: require('vim.lsp.client')
466.957  001.623  001.623: require('vim._system')
483.509  000.643  000.643: require('mini.hipatterns')
484.640  000.379  000.379: require('gitsigns.async')
493.446  000.389  000.389: require('gitsigns.util')
493.468  000.736  000.347: require('gitsigns.hunks')
494.019  000.139  000.139: require('gitsigns.diff')
494.144  000.116  000.116: require('gitsigns.signs')
494.426  000.277  000.277: require('gitsigns.status')
494.623  000.189  000.189: require('gitsigns.cache')
494.679  001.208  000.486: require('gitsigns.manager')
494.817  000.135  000.135: require('gitsigns.message')
494.981  000.158  000.158: require('gitsigns.repeat')
495.135  002.938  000.701: require('gitsigns.actions')
496.589  000.260  000.260: require('gitsigns.system.compat')
496.601  000.392  000.132: require('gitsigns.system')
496.606  000.504  000.112: require('gitsigns.git.cmd')
496.848  000.239  000.239: require('gitsigns.git.errors')
496.990  000.132  000.132: require('gitsigns.git.version')
497.012  001.189  000.314: require('gitsigns.git.repo')
497.026  001.472  000.283: require('gitsigns.git')
497.039  001.883  000.410: require('gitsigns.attach')
497.393  000.217  000.217: require('gitsigns.current_line_blame')
505.394  002.314  002.314: require('editorconfig')
506.702  129.006: opening buffers
506.823  000.121: BufEnter autocommands
506.834  000.012: editing files in windows
506.848  000.014: --- NVIM STARTED ---

